<?xml version="1.0" encoding="UTF-8"?>
<testng-results ignored="0" total="3" passed="3" failed="0" skipped="0">
  <reporter-output>
  </reporter-output>
  <suite started-at="2024-04-24T23:43:18 IST" name="Suite" finished-at="2024-04-24T23:44:03 IST" duration-ms="45758">
    <groups>
    </groups>
    <test started-at="2024-04-24T23:43:18 IST" name="Test2" finished-at="2024-04-24T23:43:57 IST" duration-ms="38997">
      <class name="A02CrossBrowser.crossBrowserTestA02">
        <test-method is-config="true" signature="beforeTest(java.lang.String)[pri:0, instance:A02CrossBrowser.crossBrowserTestA02@c88a337]" started-at="2024-04-24T23:43:18 IST" name="beforeTest" finished-at="2024-04-24T23:43:22 IST" duration-ms="4148" status="PASS">
          <params>
            <param index="0">
              <value>
                <![CDATA[firefox]]>
              </value>
            </param>
          </params>
          <reporter-output>
          </reporter-output>
        </test-method> <!-- beforeTest -->
        <test-method signature="CBTest()[pri:0, instance:A02CrossBrowser.crossBrowserTestA02@c88a337]" started-at="2024-04-24T23:43:22 IST" name="CBTest" finished-at="2024-04-24T23:43:57 IST" duration-ms="34836" status="PASS">
          <reporter-output>
          </reporter-output>
        </test-method> <!-- CBTest -->
      </class> <!-- A02CrossBrowser.crossBrowserTestA02 -->
    </test> <!-- Test2 -->
    <test started-at="2024-04-24T23:43:18 IST" name="Test1" finished-at="2024-04-24T23:44:01 IST" duration-ms="43755">
      <class name="A02CrossBrowser.crossBrowserTestA02">
        <test-method is-config="true" signature="beforeTest(java.lang.String)[pri:0, instance:A02CrossBrowser.crossBrowserTestA02@3d6f0054]" started-at="2024-04-24T23:43:18 IST" name="beforeTest" finished-at="2024-04-24T23:43:21 IST" duration-ms="3113" status="PASS">
          <params>
            <param index="0">
              <value>
                <![CDATA[chrome]]>
              </value>
            </param>
          </params>
          <reporter-output>
          </reporter-output>
        </test-method> <!-- beforeTest -->
        <test-method signature="CBTest()[pri:0, instance:A02CrossBrowser.crossBrowserTestA02@3d6f0054]" started-at="2024-04-24T23:43:21 IST" name="CBTest" finished-at="2024-04-24T23:44:01 IST" duration-ms="40614" status="PASS">
          <reporter-output>
          </reporter-output>
        </test-method> <!-- CBTest -->
      </class> <!-- A02CrossBrowser.crossBrowserTestA02 -->
    </test> <!-- Test1 -->
    <test started-at="2024-04-24T23:43:18 IST" name="Test3" finished-at="2024-04-24T23:44:03 IST" duration-ms="45758">
      <class name="A02CrossBrowser.crossBrowserTestA02">
        <test-method is-config="true" signature="beforeTest(java.lang.String)[pri:0, instance:A02CrossBrowser.crossBrowserTestA02@593aaf41]" started-at="2024-04-24T23:43:18 IST" name="beforeTest" finished-at="2024-04-24T23:43:21 IST" duration-ms="3790" status="PASS">
          <params>
            <param index="0">
              <value>
                <![CDATA[edge]]>
              </value>
            </param>
          </params>
          <reporter-output>
          </reporter-output>
        </test-method> <!-- beforeTest -->
        <test-method signature="CBTest()[pri:0, instance:A02CrossBrowser.crossBrowserTestA02@593aaf41]" started-at="2024-04-24T23:43:21 IST" name="CBTest" finished-at="2024-04-24T23:44:03 IST" duration-ms="41961" status="PASS">
          <reporter-output>
          </reporter-output>
        </test-method> <!-- CBTest -->
      </class> <!-- A02CrossBrowser.crossBrowserTestA02 -->
    </test> <!-- Test3 -->
  </suite> <!-- Suite -->
</testng-results>
